Started GET "/" for 127.0.0.1 at 2020-12-17 23:37:11 +0800
  [1m[35m (2.2ms)[0m  [1m[34mSELECT "schema_migrations"."version" FROM "schema_migrations" ORDER BY "schema_migrations"."version" ASC[0m
  
ActiveRecord::PendingMigrationError (

Migrations are pending. To resolve this issue, run:

        rails db:migrate RAILS_ENV=development

):
  
activerecord (6.0.3.4) lib/active_record/migration.rb:586:in `check_pending!'
activerecord (6.0.3.4) lib/active_record/migration.rb:564:in `call'
actionpack (6.0.3.4) lib/action_dispatch/middleware/callbacks.rb:27:in `block in call'
activesupport (6.0.3.4) lib/active_support/callbacks.rb:101:in `run_callbacks'
actionpack (6.0.3.4) lib/action_dispatch/middleware/callbacks.rb:26:in `call'
actionpack (6.0.3.4) lib/action_dispatch/middleware/executor.rb:14:in `call'
actionpack (6.0.3.4) lib/action_dispatch/middleware/actionable_exceptions.rb:18:in `call'
actionpack (6.0.3.4) lib/action_dispatch/middleware/debug_exceptions.rb:32:in `call'
web-console (4.1.0) lib/web_console/middleware.rb:132:in `call_app'
web-console (4.1.0) lib/web_console/middleware.rb:28:in `block in call'
web-console (4.1.0) lib/web_console/middleware.rb:17:in `catch'
web-console (4.1.0) lib/web_console/middleware.rb:17:in `call'
actionpack (6.0.3.4) lib/action_dispatch/middleware/show_exceptions.rb:33:in `call'
railties (6.0.3.4) lib/rails/rack/logger.rb:37:in `call_app'
railties (6.0.3.4) lib/rails/rack/logger.rb:26:in `block in call'
activesupport (6.0.3.4) lib/active_support/tagged_logging.rb:80:in `block in tagged'
activesupport (6.0.3.4) lib/active_support/tagged_logging.rb:28:in `tagged'
activesupport (6.0.3.4) lib/active_support/tagged_logging.rb:80:in `tagged'
railties (6.0.3.4) lib/rails/rack/logger.rb:26:in `call'
sprockets-rails (3.2.2) lib/sprockets/rails/quiet_assets.rb:13:in `call'
actionpack (6.0.3.4) lib/action_dispatch/middleware/remote_ip.rb:81:in `call'
actionpack (6.0.3.4) lib/action_dispatch/middleware/request_id.rb:27:in `call'
rack (2.2.3) lib/rack/method_override.rb:24:in `call'
rack (2.2.3) lib/rack/runtime.rb:22:in `call'
activesupport (6.0.3.4) lib/active_support/cache/strategy/local_cache_middleware.rb:29:in `call'
actionpack (6.0.3.4) lib/action_dispatch/middleware/executor.rb:14:in `call'
actionpack (6.0.3.4) lib/action_dispatch/middleware/static.rb:126:in `call'
rack (2.2.3) lib/rack/sendfile.rb:110:in `call'
actionpack (6.0.3.4) lib/action_dispatch/middleware/host_authorization.rb:82:in `call'
webpacker (4.3.0) lib/webpacker/dev_server_proxy.rb:23:in `perform_request'
rack-proxy (0.6.5) lib/rack/proxy.rb:57:in `call'
railties (6.0.3.4) lib/rails/engine.rb:527:in `call'
puma (4.3.6) lib/puma/configuration.rb:228:in `call'
puma (4.3.6) lib/puma/server.rb:713:in `handle_request'
puma (4.3.6) lib/puma/server.rb:472:in `process_client'
puma (4.3.6) lib/puma/server.rb:328:in `block in run'
puma (4.3.6) lib/puma/thread_pool.rb:134:in `block in spawn_thread'
  [1m[35m (1.5ms)[0m  [1m[34mSELECT pg_try_advisory_lock(3341651547447395700)[0m
  [1m[35m (0.5ms)[0m  [1m[34mSELECT "schema_migrations"."version" FROM "schema_migrations" ORDER BY "schema_migrations"."version" ASC[0m
Migrating to UpdateAndAddExtraColumnsToBankAccounts (20201215135103)
  [1m[35m (0.2ms)[0m  [1m[35mBEGIN[0m
  [1m[36mprimary::SchemaMigration Create (1.8ms)[0m  [1m[32mINSERT INTO "schema_migrations" ("version") VALUES ($1) RETURNING "version"[0m  [["version", "20201215135103"]]
  [1m[35m (1.3ms)[0m  [1m[35mCOMMIT[0m
  [1m[36mActiveRecord::InternalMetadata Load (1.7ms)[0m  [1m[34mSELECT "ar_internal_metadata".* FROM "ar_internal_metadata" WHERE "ar_internal_metadata"."key" = $1 LIMIT $2[0m  [["key", "environment"], ["LIMIT", 1]]
  [1m[35m (0.2ms)[0m  [1m[34mSELECT pg_advisory_unlock(3341651547447395700)[0m
  [1m[35m (0.6ms)[0m  [1m[34mSELECT "schema_migrations"."version" FROM "schema_migrations" ORDER BY "schema_migrations"."version" ASC[0m
Started GET "/" for 127.0.0.1 at 2020-12-17 23:37:42 +0800
  [1m[35m (0.5ms)[0m  [1m[34mSELECT "schema_migrations"."version" FROM "schema_migrations" ORDER BY "schema_migrations"."version" ASC[0m
Processing by PagesController#showWelcome as HTML
  Rendering pages/welcomepage.html.erb within layouts/application
  Rendered pages/welcomepage.html.erb within layouts/application (Duration: 2.5ms | Allocations: 1285)
[Webpacker] Compiling...
[Webpacker] Compilation failed:
Hash: 3b65a0aa3df7f32b595a
Version: webpack 4.44.2
Time: 3490ms
Built at: 12/17/2020 11:37:49 PM
                                     Asset       Size       Chunks                         Chunk Names
    js/application-b7afd81d65ecc539140e.js    663 KiB  application  [emitted] [immutable]  application
js/application-b7afd81d65ecc539140e.js.map    776 KiB  application  [emitted] [dev]        application
                             manifest.json  364 bytes               [emitted]              
Entrypoint application = js/application-b7afd81d65ecc539140e.js js/application-b7afd81d65ecc539140e.js.map
[./app/javascript/channels sync recursive _channel\.js$] ./app/javascript/channels sync _channel\.js$ 160 bytes {application} [built]
[./app/javascript/channels/index.js] 211 bytes {application} [built]
[./app/javascript/packs/application.js] 807 bytes {application} [built]
[./node_modules/webpack/buildin/global.js] (webpack)/buildin/global.js 905 bytes {application} [built]
[./node_modules/webpack/buildin/module.js] (webpack)/buildin/module.js 552 bytes {application} [built]
    + 6 hidden modules

ERROR in ./app/javascript/packs/application.js
Module not found: Error: Can't resolve '../stylesheets/application' in '/home/nickit/Desktop/onlineBanking/app/javascript/packs'
 @ ./app/javascript/packs/application.js 14:0-36

Completed 200 OK in 6132ms (Views: 6128.0ms | ActiveRecord: 0.0ms | Allocations: 91790)


Started GET "/login" for 127.0.0.1 at 2020-12-17 23:38:05 +0800
Processing by SessionsController#login as HTML
  Rendering sessions/login.html.erb within layouts/application
  Rendered sessions/login.html.erb within layouts/application (Duration: 2.3ms | Allocations: 634)
[Webpacker] Everything's up-to-date. Nothing to do
Completed 200 OK in 22ms (Views: 17.9ms | ActiveRecord: 0.0ms | Allocations: 8678)


Started GET "/" for 127.0.0.1 at 2020-12-17 23:38:10 +0800
Processing by PagesController#showWelcome as HTML
  Rendering pages/welcomepage.html.erb within layouts/application
  Rendered pages/welcomepage.html.erb within layouts/application (Duration: 0.4ms | Allocations: 186)
[Webpacker] Everything's up-to-date. Nothing to do
Completed 200 OK in 11ms (Views: 10.4ms | ActiveRecord: 0.0ms | Allocations: 7520)


Started GET "/" for 127.0.0.1 at 2020-12-17 23:38:35 +0800
Processing by PagesController#showWelcome as HTML
  Rendering pages/welcomepage.html.erb within layouts/application
  Rendered pages/welcomepage.html.erb within layouts/application (Duration: 0.3ms | Allocations: 175)
[Webpacker] Everything's up-to-date. Nothing to do
Completed 200 OK in 19ms (Views: 18.3ms | ActiveRecord: 0.0ms | Allocations: 7484)


Started GET "/admin" for 127.0.0.1 at 2020-12-17 23:41:53 +0800
Processing by Admin::SessionsController#new as HTML
  Rendering admin/sessions/new.html.erb within layouts/application
  Rendered admin/sessions/new.html.erb within layouts/application (Duration: 1.1ms | Allocations: 516)
[Webpacker] Everything's up-to-date. Nothing to do
Completed 200 OK in 12ms (Views: 11.7ms | ActiveRecord: 0.0ms | Allocations: 8486)


Started POST "/admin/new" for 127.0.0.1 at 2020-12-17 23:43:20 +0800
Processing by Admin::SessionsController#create as HTML
  Parameters: {"authenticity_token"=>"TSyrGr5dV0xcNO9htrFKLFoSF11oQpNbhva4P27HhI3lFDGVEmBtVD//rMqPb5JLCxJ0kcDMSnj4FuBwTSjChw==", "administratorname"=>"xifan", "password"=>"[FILTERED]", "commit"=>"Login"}
  [1m[36mAdministrator Load (1.3ms)[0m  [1m[34mSELECT "administrators".* FROM "administrators" WHERE "administrators"."administratorname" = $1 LIMIT $2[0m  [["administratorname", "xifan"], ["LIMIT", 1]]
  ↳ app/controllers/admin/sessions_controller.rb:11:in `create'
Redirected to http://localhost:3000/admin/verification
Completed 302 Found in 243ms (ActiveRecord: 22.6ms | Allocations: 6394)


Started GET "/admin/verification" for 127.0.0.1 at 2020-12-17 23:43:20 +0800
Processing by Admin::SessionsController#verification as HTML
  Rendering admin/sessions/verification.html.erb within layouts/application
  Rendered admin/sessions/verification.html.erb within layouts/application (Duration: 0.5ms | Allocations: 378)
[Webpacker] Everything's up-to-date. Nothing to do
Completed 200 OK in 8ms (Views: 7.0ms | ActiveRecord: 0.0ms | Allocations: 7985)


Started POST "/admin/verification" for 127.0.0.1 at 2020-12-17 23:43:24 +0800
Processing by Admin::SessionsController#authenticate as HTML
  Parameters: {"authenticity_token"=>"qfv8VEadRLmNPslhIEMkcMfp+aNdk/uNuUfIQF+7DtRdAhfCmEm66dHBfoKcz2hZOcYSNhuKfOc9Lyeep5wNPw==", "second_password"=>"[FILTERED]", "commit"=>"Verify"}
  [1m[36mAdministrator Load (0.7ms)[0m  [1m[34mSELECT "administrators".* FROM "administrators" WHERE "administrators"."id" = $1 LIMIT $2[0m  [["id", 7], ["LIMIT", 1]]
  ↳ app/controllers/admin/sessions_controller.rb:40:in `authenticate'
  Rendering admin/sessions/verification.html.erb within layouts/application
  Rendered admin/sessions/verification.html.erb within layouts/application (Duration: 0.3ms | Allocations: 212)
[Webpacker] Everything's up-to-date. Nothing to do
Completed 200 OK in 218ms (Views: 6.2ms | ActiveRecord: 0.7ms | Allocations: 8358)


Started POST "/admin/verification" for 127.0.0.1 at 2020-12-17 23:43:29 +0800
Processing by Admin::SessionsController#authenticate as HTML
  Parameters: {"authenticity_token"=>"zyUKHlPEBn5BdGWv14WV4QUIK2XHhyZpzgfzNcAxFVg73OGIjRD4Lh2L0kxrCdnI+yfA8IGeoQNKbxzrOBYWsw==", "second_password"=>"[FILTERED]", "commit"=>"Verify"}
  Rendering public/404.html
  Rendered public/404.html (Duration: 0.5ms | Allocations: 5)
  [1m[36mAdministrator Load (0.2ms)[0m  [1m[34mSELECT "administrators".* FROM "administrators" WHERE "administrators"."id" IS NULL LIMIT $1[0m  [["LIMIT", 1]]
  ↳ app/controllers/admin/sessions_controller.rb:40:in `authenticate'
Completed 500 Internal Server Error in 7ms (Views: 4.1ms | ActiveRecord: 0.2ms | Allocations: 1640)


  
AbstractController::DoubleRenderError (Render and/or redirect were called multiple times in this action. Please note that you may only call render OR redirect, and at most once per action. Also note that neither redirect nor render terminate execution of the action, so if you want to exit an action after redirecting, you need to do something like "redirect_to(...) and return".):
  
app/controllers/admin/sessions_controller.rb:47:in `authenticate'
Started POST "/admin/new" for 127.0.0.1 at 2020-12-17 23:45:14 +0800
Processing by Admin::SessionsController#create as HTML
  Parameters: {"authenticity_token"=>"TSyrGr5dV0xcNO9htrFKLFoSF11oQpNbhva4P27HhI3lFDGVEmBtVD//rMqPb5JLCxJ0kcDMSnj4FuBwTSjChw==", "administratorname"=>"xifan", "password"=>"[FILTERED]", "commit"=>"Login"}
  [1m[36mAdministrator Load (0.2ms)[0m  [1m[34mSELECT "administrators".* FROM "administrators" WHERE "administrators"."administratorname" = $1 LIMIT $2[0m  [["administratorname", "xifan"], ["LIMIT", 1]]
  ↳ app/controllers/admin/sessions_controller.rb:11:in `create'
Redirected to http://localhost:3000/admin/verification
Completed 302 Found in 223ms (ActiveRecord: 3.2ms | Allocations: 5630)


Started GET "/admin/verification" for 127.0.0.1 at 2020-12-17 23:45:14 +0800
Processing by Admin::SessionsController#verification as HTML
  Rendering admin/sessions/verification.html.erb within layouts/application
  Rendered admin/sessions/verification.html.erb within layouts/application (Duration: 0.3ms | Allocations: 217)
[Webpacker] Everything's up-to-date. Nothing to do
Completed 200 OK in 12ms (Views: 10.9ms | ActiveRecord: 0.0ms | Allocations: 7884)


Started POST "/admin/verification" for 127.0.0.1 at 2020-12-17 23:45:17 +0800
Processing by Admin::SessionsController#authenticate as HTML
  Parameters: {"authenticity_token"=>"bbA5Q2vKl4oY1wUOrAnRVx3SelSYz01H9rSe+RNADieZSdLVtR5p2kQosu0QhZ1+4/2Rwd7Wyi1y3HEn62cNzA==", "second_password"=>"[FILTERED]", "commit"=>"Verify"}
  [1m[36mAdministrator Load (0.5ms)[0m  [1m[34mSELECT "administrators".* FROM "administrators" WHERE "administrators"."id" = $1 LIMIT $2[0m  [["id", 7], ["LIMIT", 1]]
  ↳ app/controllers/admin/sessions_controller.rb:40:in `authenticate'
  Rendering admin/sessions/verification.html.erb within layouts/application
  Rendered admin/sessions/verification.html.erb within layouts/application (Duration: 0.3ms | Allocations: 212)
[Webpacker] Everything's up-to-date. Nothing to do
Completed 200 OK in 220ms (Views: 6.2ms | ActiveRecord: 0.5ms | Allocations: 8327)


Started POST "/admin/verification" for 127.0.0.1 at 2020-12-17 23:45:21 +0800
Processing by Admin::SessionsController#authenticate as HTML
  Parameters: {"authenticity_token"=>"OHA7vBFfRU0B/ld0RKJLV0zt2i97XyPz9G/ylHZLodXMidAqz4u7HV0B4Jf4Lgd+ssIxuj1GpJlwBx1KjmyiPg==", "second_password"=>"[FILTERED]", "commit"=>"Verify"}
  Rendering public/404.html
  Rendered public/404.html (Duration: 0.0ms | Allocations: 4)
  [1m[36mAdministrator Load (0.3ms)[0m  [1m[34mSELECT "administrators".* FROM "administrators" WHERE "administrators"."id" IS NULL LIMIT $1[0m  [["LIMIT", 1]]
  ↳ app/controllers/admin/sessions_controller.rb:40:in `authenticate'
Completed 500 Internal Server Error in 3ms (Views: 0.4ms | ActiveRecord: 0.3ms | Allocations: 1529)


  
AbstractController::DoubleRenderError (Render and/or redirect were called multiple times in this action. Please note that you may only call render OR redirect, and at most once per action. Also note that neither redirect nor render terminate execution of the action, so if you want to exit an action after redirecting, you need to do something like "redirect_to(...) and return".):
  
app/controllers/admin/sessions_controller.rb:47:in `authenticate'
Started GET "/login" for 127.0.0.1 at 2020-12-17 23:46:32 +0800
Processing by SessionsController#login as HTML
  Rendering sessions/login.html.erb within layouts/application
  Rendered sessions/login.html.erb within layouts/application (Duration: 1.9ms | Allocations: 1077)
[Webpacker] Everything's up-to-date. Nothing to do
Completed 200 OK in 14ms (Views: 11.6ms | ActiveRecord: 0.0ms | Allocations: 8651)


Started POST "/login" for 127.0.0.1 at 2020-12-17 23:46:36 +0800
Processing by SessionsController#verification as HTML
  Parameters: {"authenticity_token"=>"kG4aI34lCIshY3cDnuSMO3nLwPJ9E9RaCLhVGZ8yVMIE0NtLAsRpfMazO68qf5RD4qJbVtL5svySBQ4+7DYCYg==", "username"=>"jiaqing", "password"=>"[FILTERED]", "commit"=>"Login"}
  [1m[36mUser Load (0.9ms)[0m  [1m[34mSELECT "users".* FROM "users" WHERE "users"."username" = $1 LIMIT $2[0m  [["username", "jiaqing"], ["LIMIT", 1]]
  ↳ app/controllers/sessions_controller.rb:6:in `verification'
  Rendering sessions/login.html.erb within layouts/application
  Rendered sessions/login.html.erb within layouts/application (Duration: 0.5ms | Allocations: 342)
[Webpacker] Everything's up-to-date. Nothing to do
Completed 200 OK in 233ms (Views: 6.6ms | ActiveRecord: 4.1ms | Allocations: 15870)


Started POST "/login" for 127.0.0.1 at 2020-12-17 23:46:41 +0800
Processing by SessionsController#verification as HTML
  Parameters: {"authenticity_token"=>"ZCiHgJzXW1vo7PdHQ0PPYT9GAmmhiQ0bh3X+l8OEu57wlkbo4DY6rA88u+v32NcZpC+ZzQ5ja70dyKWwsIDtPg==", "username"=>"jiaqing", "password"=>"[FILTERED]", "commit"=>"Login"}
  [1m[36mUser Load (0.3ms)[0m  [1m[34mSELECT "users".* FROM "users" WHERE "users"."username" = $1 LIMIT $2[0m  [["username", "jiaqing"], ["LIMIT", 1]]
  ↳ app/controllers/sessions_controller.rb:6:in `verification'
  Rendering sessions/login.html.erb within layouts/application
  Rendered sessions/login.html.erb within layouts/application (Duration: 0.6ms | Allocations: 328)
[Webpacker] Everything's up-to-date. Nothing to do
Completed 200 OK in 228ms (Views: 7.3ms | ActiveRecord: 0.3ms | Allocations: 8331)


Started POST "/login" for 127.0.0.1 at 2020-12-17 23:46:47 +0800
Processing by SessionsController#verification as HTML
  Parameters: {"authenticity_token"=>"j+CcQfHdSYddzea8ARv6Z18j6bWb2A3f6ByEDhBvlcIbXl0pjTwocLodqhC1gOIfxEpyETQya3lyod8pY2vDYg==", "username"=>"jiaqing", "password"=>"[FILTERED]", "commit"=>"Login"}
  [1m[36mUser Load (0.3ms)[0m  [1m[34mSELECT "users".* FROM "users" WHERE "users"."username" = $1 LIMIT $2[0m  [["username", "jiaqing"], ["LIMIT", 1]]
  ↳ app/controllers/sessions_controller.rb:6:in `verification'
Redirected to http://localhost:3000/dashboard
Completed 302 Found in 217ms (ActiveRecord: 0.3ms | Allocations: 949)


Started GET "/dashboard" for 127.0.0.1 at 2020-12-17 23:46:47 +0800
Processing by LPageController#index as HTML
  [1m[36mUser Load (0.2ms)[0m  [1m[34mSELECT "users".* FROM "users" WHERE "users"."id" = $1 LIMIT $2[0m  [["id", 1], ["LIMIT", 1]]
  ↳ app/helpers/sessions_helper.rb:8:in `current_user'
  [1m[36mCACHE User Load (0.0ms)[0m  [1m[34mSELECT "users".* FROM "users" WHERE "users"."id" = $1 LIMIT $2[0m  [["id", 1], ["LIMIT", 1]]
  ↳ app/helpers/sessions_helper.rb:8:in `current_user'
  [1m[36mBankAccount Load (1.8ms)[0m  [1m[34mSELECT "bank_accounts".* FROM "bank_accounts" WHERE "bank_accounts"."user_id" = $1[0m  [["user_id", 1]]
  ↳ app/controllers/l_page_controller.rb:9:in `index'
  [1m[36mTransaction Load (2.1ms)[0m  [1m[34mSELECT "transactions".* FROM "transactions" WHERE (remitter_account = 17336930 or recipient_account = 17336930)[0m
  ↳ app/controllers/l_page_controller.rb:10:in `+'
  [1m[36mTransaction Load (0.3ms)[0m  [1m[34mSELECT "transactions".* FROM "transactions" WHERE (remitter_account = 62179218 or recipient_account = 62179218)[0m
  ↳ app/controllers/l_page_controller.rb:10:in `+'
  [1m[36mTransaction Load (0.2ms)[0m  [1m[34mSELECT "transactions".* FROM "transactions" WHERE (remitter_account = 62179217 or recipient_account = 62179217)[0m
  ↳ app/controllers/l_page_controller.rb:10:in `+'
  [1m[36mTransaction Load (0.3ms)[0m  [1m[34mSELECT "transactions".* FROM "transactions" WHERE (remitter_account = 62179214 or recipient_account = 62179214)[0m
  ↳ app/controllers/l_page_controller.rb:10:in `+'
  [1m[36mTransaction Load (0.7ms)[0m  [1m[34mSELECT "transactions".* FROM "transactions" WHERE (remitter_account = 62179219 or recipient_account = 62179219)[0m
  ↳ app/controllers/l_page_controller.rb:10:in `+'
  [1m[36mTransaction Load (0.3ms)[0m  [1m[34mSELECT "transactions".* FROM "transactions" WHERE (remitter_account = 62179215 or recipient_account = 62179215)[0m
  ↳ app/controllers/l_page_controller.rb:10:in `+'
  [1m[36mTransaction Load (0.2ms)[0m  [1m[34mSELECT "transactions".* FROM "transactions" WHERE (remitter_account = 62179216 or recipient_account = 62179216)[0m
  ↳ app/controllers/l_page_controller.rb:10:in `+'
  Rendering l_page/index.html.erb within layouts/application
  Rendered l_page/index.html.erb within layouts/application (Duration: 2.0ms | Allocations: 1278)
[Webpacker] Everything's up-to-date. Nothing to do
  [1m[36mCACHE User Load (0.0ms)[0m  [1m[34mSELECT "users".* FROM "users" WHERE "users"."id" = $1 LIMIT $2[0m  [["id", 1], ["LIMIT", 1]]
  ↳ app/helpers/sessions_helper.rb:8:in `current_user'
  [1m[36mCACHE User Load (0.0ms)[0m  [1m[34mSELECT "users".* FROM "users" WHERE "users"."id" = $1 LIMIT $2[0m  [["id", 1], ["LIMIT", 1]]
  ↳ app/helpers/sessions_helper.rb:8:in `current_user'
  Rendered shared/_user_sidebar.html.erb (Duration: 0.4ms | Allocations: 231)
Completed 200 OK in 66ms (Views: 12.6ms | ActiveRecord: 9.6ms | Allocations: 30976)


Started GET "/logout" for 127.0.0.1 at 2020-12-17 23:48:39 +0800
Processing by SessionsController#destroy as HTML
Redirected to http://localhost:3000/login
Completed 302 Found in 1ms (ActiveRecord: 0.0ms | Allocations: 288)


Started GET "/login" for 127.0.0.1 at 2020-12-17 23:48:39 +0800
Processing by SessionsController#login as HTML
  Rendering sessions/login.html.erb within layouts/application
  Rendered sessions/login.html.erb within layouts/application (Duration: 1.4ms | Allocations: 1074)
[Webpacker] Everything's up-to-date. Nothing to do
Completed 200 OK in 14ms (Views: 13.3ms | ActiveRecord: 0.0ms | Allocations: 8701)


Started POST "/login" for 127.0.0.1 at 2020-12-17 23:48:43 +0800
Processing by SessionsController#verification as HTML
  Parameters: {"authenticity_token"=>"71uA+8k8KLVg7ohUyQZaxVu3uxKzOMOM0VO1lY0nBWd75UGTtd1JQoc+xPh9nUK9wN4gthzSpSpL7u6y/iNTxw==", "username"=>"123123", "password"=>"[FILTERED]", "commit"=>"Login"}
  [1m[36mUser Load (1.5ms)[0m  [1m[34mSELECT "users".* FROM "users" WHERE "users"."username" = $1 LIMIT $2[0m  [["username", "123123"], ["LIMIT", 1]]
  ↳ app/controllers/sessions_controller.rb:6:in `verification'
  Rendering sessions/login.html.erb within layouts/application
  Rendered sessions/login.html.erb within layouts/application (Duration: 0.6ms | Allocations: 342)
[Webpacker] Everything's up-to-date. Nothing to do
Completed 200 OK in 16ms (Views: 8.7ms | ActiveRecord: 2.6ms | Allocations: 10224)


Started GET "/admin" for 127.0.0.1 at 2020-12-17 23:48:55 +0800
Processing by Admin::SessionsController#new as HTML
  Rendering admin/sessions/new.html.erb within layouts/application
  Rendered admin/sessions/new.html.erb within layouts/application (Duration: 0.4ms | Allocations: 270)
[Webpacker] Everything's up-to-date. Nothing to do
Completed 200 OK in 10ms (Views: 9.3ms | ActiveRecord: 0.0ms | Allocations: 7819)


Started POST "/admin/new" for 127.0.0.1 at 2020-12-17 23:49:00 +0800
Processing by Admin::SessionsController#create as HTML
  Parameters: {"authenticity_token"=>"GbuujSENMgFfJi6uUm3xwgmC7ogeN65jHpNQs2/Rn6mxgzQCjTAIGTztbQVrsymlWIKNRLa5d0Bgcwj8TD7Zow==", "administratorname"=>"xifan", "password"=>"[FILTERED]", "commit"=>"Login"}
  [1m[36mAdministrator Load (0.2ms)[0m  [1m[34mSELECT "administrators".* FROM "administrators" WHERE "administrators"."administratorname" = $1 LIMIT $2[0m  [["administratorname", "xifan"], ["LIMIT", 1]]
  ↳ app/controllers/admin/sessions_controller.rb:11:in `create'
Redirected to http://localhost:3000/admin/verification
Completed 302 Found in 224ms (ActiveRecord: 3.2ms | Allocations: 5367)


Started GET "/admin/verification" for 127.0.0.1 at 2020-12-17 23:49:01 +0800
Processing by Admin::SessionsController#verification as HTML
  Rendering admin/sessions/verification.html.erb within layouts/application
  Rendered admin/sessions/verification.html.erb within layouts/application (Duration: 0.2ms | Allocations: 212)
[Webpacker] Everything's up-to-date. Nothing to do
Completed 200 OK in 7ms (Views: 6.4ms | ActiveRecord: 0.0ms | Allocations: 7569)


Started POST "/admin/verification" for 127.0.0.1 at 2020-12-17 23:49:04 +0800
Processing by Admin::SessionsController#authenticate as HTML
  Parameters: {"authenticity_token"=>"20gXm/YQGn5462fIsdFFo/wqnta1FgRBv2VtUOpKwWYvsfwNKMTkLiQU0CsNXQmKAgV1Q/MPgys7DYKOEm3CjQ==", "second_password"=>"[FILTERED]", "commit"=>"Verify"}
  [1m[36mAdministrator Load (0.3ms)[0m  [1m[34mSELECT "administrators".* FROM "administrators" WHERE "administrators"."id" = $1 LIMIT $2[0m  [["id", 7], ["LIMIT", 1]]
  ↳ app/controllers/admin/sessions_controller.rb:40:in `authenticate'
  Rendering admin/sessions/verification.html.erb within layouts/application
  Rendered admin/sessions/verification.html.erb within layouts/application (Duration: 0.3ms | Allocations: 212)
[Webpacker] Everything's up-to-date. Nothing to do
Completed 200 OK in 216ms (Views: 7.8ms | ActiveRecord: 0.3ms | Allocations: 8431)


Started POST "/admin/verification" for 127.0.0.1 at 2020-12-17 23:49:08 +0800
Processing by Admin::SessionsController#authenticate as HTML
  Parameters: {"authenticity_token"=>"cOhxumRtONbKw6FN+jl2pRG9IFUFYim7GMa2NZunszSEEZosurnGhpY8Fq5GtTqM75LLwEN7rtGcrlnrY4Cw3w==", "second_password"=>"[FILTERED]", "commit"=>"Verify"}
  [1m[36mAdministrator Load (0.3ms)[0m  [1m[34mSELECT "administrators".* FROM "administrators" WHERE "administrators"."id" = $1 LIMIT $2[0m  [["id", 7], ["LIMIT", 1]]
  ↳ app/controllers/admin/sessions_controller.rb:40:in `authenticate'
Redirected to http://localhost:3000/admin/dashboard
Completed 302 Found in 208ms (ActiveRecord: 0.3ms | Allocations: 945)


Started GET "/admin/dashboard" for 127.0.0.1 at 2020-12-17 23:49:08 +0800
Processing by Admin::DashboardController#index as HTML
  [1m[36mAdministrator Load (0.3ms)[0m  [1m[34mSELECT "administrators".* FROM "administrators" WHERE "administrators"."id" = $1 LIMIT $2[0m  [["id", 7], ["LIMIT", 1]]
  ↳ app/helpers/admin/sessions_helper.rb:8:in `current_administrator'
  [1m[36mCACHE Administrator Load (0.0ms)[0m  [1m[34mSELECT "administrators".* FROM "administrators" WHERE "administrators"."id" = $1 LIMIT $2[0m  [["id", 7], ["LIMIT", 1]]
  ↳ app/helpers/admin/sessions_helper.rb:8:in `current_administrator'
  [1m[36mCACHE Administrator Load (0.0ms)[0m  [1m[34mSELECT "administrators".* FROM "administrators" WHERE "administrators"."id" = $1 LIMIT $2[0m  [["id", 7], ["LIMIT", 1]]
  ↳ app/helpers/admin/sessions_helper.rb:8:in `current_administrator'
  Rendering admin/dashboard/index.html.erb within layouts/admin
  [1m[36mCACHE Administrator Load (0.0ms)[0m  [1m[34mSELECT "administrators".* FROM "administrators" WHERE "administrators"."id" = $1 LIMIT $2[0m  [["id", 7], ["LIMIT", 1]]
  ↳ app/helpers/admin/sessions_helper.rb:8:in `current_administrator'
  Rendered admin/dashboard/index.html.erb within layouts/admin (Duration: 1.4ms | Allocations: 903)
[Webpacker] Everything's up-to-date. Nothing to do
  [1m[36mCACHE Administrator Load (0.0ms)[0m  [1m[34mSELECT "administrators".* FROM "administrators" WHERE "administrators"."id" = $1 LIMIT $2[0m  [["id", 7], ["LIMIT", 1]]
  ↳ app/views/layouts/admin.html.erb:23
  [1m[36mCACHE Administrator Load (0.0ms)[0m  [1m[34mSELECT "administrators".* FROM "administrators" WHERE "administrators"."id" = $1 LIMIT $2[0m  [["id", 7], ["LIMIT", 1]]
  ↳ app/helpers/admin/sessions_helper.rb:8:in `current_administrator'
  Rendered shared/_admin_sidebar.html.erb (Duration: 0.9ms | Allocations: 252)
Completed 200 OK in 23ms (Views: 19.7ms | ActiveRecord: 0.4ms | Allocations: 12144)


